<?xml version="1.0" encoding="UTF-8"?>
<!-- Generated by org.testng.reporters.JUnitReportReporter -->
<testsuite hostname="DESKTOP-4SQ87FT" name="elementspract.Radiobuttons" tests="1" failures="0" timestamp="25 Mar 2021 11:06:09 GMT" time="27.733" errors="0">
  <testcase name="radiobutton" time="27.733" classname="elementspract.Radiobuttons"/>
</testsuite> <!-- elementspract.Radiobuttons -->
