<?xml version="1.0" encoding="UTF-8"?>
<!-- Generated by org.testng.reporters.JUnitReportReporter -->
<testsuite hostname="DESKTOP-4SQ87FT" name="elementspract.Buttons" tests="1" failures="0" timestamp="21 Mar 2021 11:17:31 GMT" time="25.290" errors="0">
  <testcase name="buttonpage" time="25.290" classname="elementspract.Buttons"/>
</testsuite> <!-- elementspract.Buttons -->
