<?xml version="1.0" encoding="UTF-8"?>
<!-- Generated by org.testng.reporters.JUnitReportReporter -->
<testsuite skipped="0" hostname="DESKTOP-4SQ87FT" name="newproject.Fourlogincheck" tests="4" failures="0" timestamp="19 Mar 2021 11:52:57 GMT" time="59.987" errors="0">
  <testcase name="logincorrectpassword" time="25.806" classname="newproject.Fourlogincheck"/>
  <testcase name="logincorrectpassword" time="11.135" classname="newproject.Fourlogincheck"/>
  <testcase name="logincorrectpassword" time="11.476" classname="newproject.Fourlogincheck"/>
  <testcase name="logincorrectpassword" time="11.570" classname="newproject.Fourlogincheck"/>
</testsuite> <!-- newproject.Fourlogincheck -->
