<?xml version="1.0" encoding="UTF-8"?>
<!-- Generated by org.testng.reporters.JUnitReportReporter -->
<testsuite hostname="DESKTOP-4SQ87FT" name="elementspract.Dynamictable" tests="1" failures="0" timestamp="25 Mar 2021 12:57:59 GMT" time="23.058" errors="0">
  <testcase name="dynamictable" time="23.058" classname="elementspract.Dynamictable"/>
</testsuite> <!-- elementspract.Dynamictable -->
