<?xml version="1.0" encoding="UTF-8"?>
<!-- Generated by org.testng.reporters.JUnitReportReporter -->
<testsuite hostname="DESKTOP-4SQ87FT" name="testNG.Parametersexample" tests="1" failures="0" timestamp="13 Jun 2021 16:24:46 GMT" time="0.027" errors="0">
  <testcase name="givingname" time="0.027" classname="testNG.Parametersexample"/>
</testsuite> <!-- testNG.Parametersexample -->
