<?xml version="1.0" encoding="UTF-8"?>
<!-- Generated by org.testng.reporters.JUnitReportReporter -->
<testsuite hostname="DESKTOP-4SQ87FT" name="elementspract.TestNgp2" tests="1" failures="0" timestamp="5 Apr 2021 06:14:38 GMT" time="21.076" errors="0">
  <testcase name="chrome" time="21.076" classname="elementspract.TestNgp2"/>
</testsuite> <!-- elementspract.TestNgp2 -->
