<?xml version="1.0" encoding="UTF-8"?>
<!-- Generated by org.testng.reporters.JUnitReportReporter -->
<testsuite hostname="DESKTOP-4SQ87FT" name="elementspract.Dropdownbutton" tests="1" failures="0" timestamp="4 Apr 2021 13:18:30 GMT" time="32.423" errors="0">
  <testcase name="dropdown" time="32.423" classname="elementspract.Dropdownbutton"/>
</testsuite> <!-- elementspract.Dropdownbutton -->
