<?xml version="1.0" encoding="UTF-8"?>
<!-- Generated by org.testng.reporters.JUnitReportReporter -->
<testsuite hostname="DESKTOP-4SQ87FT" name="elementspract.Dragmearound" tests="1" failures="0" timestamp="27 Mar 2021 08:33:00 GMT" time="34.358" errors="0">
  <testcase name="dragme" time="34.358" classname="elementspract.Dragmearound"/>
</testsuite> <!-- elementspract.Dragmearound -->
