<?xml version="1.0" encoding="UTF-8"?>
<!-- Generated by org.testng.reporters.JUnitReportReporter -->
<testsuite skipped="2" hostname="DESKTOP-4SQ87FT" name="testNG.TestNGexample" tests="2" failures="0" timestamp="17 Mar 2021 11:04:07 GMT" time="0.000" errors="0">
  <testcase name="getcarstart" time="0.000" classname="testNG.TestNGexample">
    <skipped/>
  </testcase> <!-- getcarstart -->
  <testcase name="turnonmusic" classname="testNG.TestNGexample">
    <skipped/>
  </testcase> <!-- turnonmusic -->
</testsuite> <!-- testNG.TestNGexample -->
