<?xml version="1.0" encoding="UTF-8"?>
<!-- Generated by org.testng.reporters.JUnitReportReporter -->
<testsuite skipped="8" hostname="DESKTOP-4SQ87FT" name="testNG.groupingexample" tests="8" failures="0" timestamp="17 Mar 2021 11:04:07 GMT" time="0.000" errors="0">
  <testcase name="redmi1" time="0.000" classname="testNG.groupingexample">
    <skipped/>
  </testcase> <!-- redmi1 -->
  <testcase name="apple1" time="0.000" classname="testNG.groupingexample">
    <skipped/>
  </testcase> <!-- apple1 -->
  <testcase name="micromax1" time="0.000" classname="testNG.groupingexample">
    <skipped/>
  </testcase> <!-- micromax1 -->
  <testcase name="micromax2" time="0.000" classname="testNG.groupingexample">
    <skipped/>
  </testcase> <!-- micromax2 -->
  <testcase name="vivo2" time="0.000" classname="testNG.groupingexample">
    <skipped/>
  </testcase> <!-- vivo2 -->
  <testcase name="apple2" time="0.000" classname="testNG.groupingexample">
    <skipped/>
  </testcase> <!-- apple2 -->
  <testcase name="redmi2" time="0.000" classname="testNG.groupingexample">
    <skipped/>
  </testcase> <!-- redmi2 -->
  <testcase name="vivo1" time="0.000" classname="testNG.groupingexample">
    <skipped/>
  </testcase> <!-- vivo1 -->
</testsuite> <!-- testNG.groupingexample -->
