<?xml version="1.0" encoding="UTF-8"?>
<!-- Generated by org.testng.reporters.JUnitReportReporter -->
<testsuite hostname="DESKTOP-4SQ87FT" name="elementspract.Calenderexample" tests="1" failures="0" timestamp="27 Mar 2021 08:23:03 GMT" time="26.015" errors="0">
  <testcase name="calander" time="26.015" classname="elementspract.Calenderexample"/>
</testsuite> <!-- elementspract.Calenderexample -->
