<?xml version="1.0" encoding="UTF-8"?>
<!-- Generated by org.testng.reporters.JUnitReportReporter -->
<testsuite hostname="DESKTOP-4SQ87FT" name="elementspract.Selectableexample" tests="1" failures="0" timestamp="27 Mar 2021 08:43:51 GMT" time="34.839" errors="0">
  <testcase name="dragme" time="34.839" classname="elementspract.Selectableexample"/>
</testsuite> <!-- elementspract.Selectableexample -->
