<?xml version="1.0" encoding="UTF-8"?>
<!-- Generated by org.testng.reporters.JUnitReportReporter -->
<testsuite hostname="DESKTOP-4SQ87FT" name="elementspract.Editbutton" tests="1" failures="0" timestamp="21 Mar 2021 10:48:42 GMT" time="59.540" errors="0">
  <testcase name="editbutton" time="59.540" classname="elementspract.Editbutton"/>
</testsuite> <!-- elementspract.Editbutton -->
