<?xml version="1.0" encoding="UTF-8"?>
<!-- Generated by org.testng.reporters.JUnitReportReporter -->
<testsuite skipped="3" hostname="DESKTOP-4SQ87FT" name="testNG.Dependenciesexm" tests="3" failures="0" timestamp="17 Mar 2021 11:04:07 GMT" time="0.000" errors="0">
  <testcase name="goingcollege" time="0.000" classname="testNG.Dependenciesexm">
    <skipped/>
  </testcase> <!-- goingcollege -->
  <testcase name="goingschool" time="0.000" classname="testNG.Dependenciesexm">
    <skipped/>
  </testcase> <!-- goingschool -->
  <testcase name="goinghigherschool" time="0.000" classname="testNG.Dependenciesexm">
    <skipped/>
  </testcase> <!-- goinghigherschool -->
</testsuite> <!-- testNG.Dependenciesexm -->
