<?xml version="1.0" encoding="UTF-8"?>
<!-- Generated by org.testng.reporters.JUnitReportReporter -->
<testsuite hostname="DESKTOP-4SQ87FT" name="elementspract.Checkbox" tests="1" failures="0" timestamp="25 Mar 2021 11:38:24 GMT" time="29.874" errors="0">
  <testcase name="checkboxbutton" time="29.874" classname="elementspract.Checkbox"/>
</testsuite> <!-- elementspract.Checkbox -->
