<?xml version="1.0" encoding="UTF-8"?>
<!-- Generated by org.testng.reporters.JUnitReportReporter -->
<testsuite hostname="DESKTOP-4SQ87FT" name="elementspract.Soorable" tests="1" failures="0" timestamp="27 Mar 2021 08:57:22 GMT" time="44.117" errors="0">
  <testcase name="stortbale" time="44.117" classname="elementspract.Soorable"/>
</testsuite> <!-- elementspract.Soorable -->
