<?xml version="1.0" encoding="UTF-8"?>
<!-- Generated by org.testng.reporters.JUnitReportReporter -->
<testsuite hostname="DESKTOP-4SQ87FT" name="elementspract.FrameExample" tests="1" failures="0" timestamp="24 Apr 2021 05:15:12 GMT" time="75.796" errors="0">
  <testcase name="frame" time="75.796" classname="elementspract.FrameExample"/>
</testsuite> <!-- elementspract.FrameExample -->
