<?xml version="1.0" encoding="UTF-8"?>
<!-- Generated by org.testng.reporters.JUnitReportReporter -->
<testsuite hostname="DESKTOP-4SQ87FT" name="elementspract.Links" tests="1" failures="0" timestamp="21 Mar 2021 11:55:36 GMT" time="18.446" errors="0">
  <testcase name="links" time="18.446" classname="elementspract.Links"/>
</testsuite> <!-- elementspract.Links -->
