<?xml version="1.0" encoding="UTF-8"?>
<!-- Generated by org.testng.reporters.JUnitReportReporter -->
<testsuite hostname="DESKTOP-4SQ87FT" name="elementspract.Imagebutton" tests="1" failures="0" timestamp="25 Mar 2021 10:45:24 GMT" time="55.104" errors="0">
  <testcase name="imagebutton" time="55.104" classname="elementspract.Imagebutton"/>
</testsuite> <!-- elementspract.Imagebutton -->
