<?xml version="1.0" encoding="UTF-8"?>
<!-- Generated by org.testng.reporters.JUnitReportReporter -->
<testsuite hostname="DESKTOP-4SQ87FT" name="elementspract.Alertexample" tests="1" failures="0" timestamp="4 Apr 2021 14:11:50 GMT" time="34.189" errors="0">
  <testcase name="alert" time="34.189" classname="elementspract.Alertexample"/>
</testsuite> <!-- elementspract.Alertexample -->
