<?xml version="1.0" encoding="UTF-8"?>
<!-- Generated by org.testng.reporters.JUnitReportReporter -->
<testsuite hostname="DESKTOP-4SQ87FT" name="elementspract.WindowhandlingExmple" tests="1" failures="0" timestamp="27 Mar 2021 08:11:29 GMT" time="31.723" errors="0">
  <testcase name="window" time="31.723" classname="elementspract.WindowhandlingExmple"/>
</testsuite> <!-- elementspract.WindowhandlingExmple -->
